Arguments: 
  C:\Program Files\nodejs\node.exe C:\Users\Nik\AppData\Roaming\npm\node_modules\yarn\bin\yarn.js install

PATH: 
  C:\Program Files\Git\mingw64\bin;C:\Program Files\Git\usr\bin;C:\Users\Nik\bin;C:\Python38\Scripts;C:\Python38;C:\WINDOWS\system32;C:\WINDOWS;C:\WINDOWS\System32\Wbem;C:\WINDOWS\System32\WindowsPowerShell\v1.0;C:\WINDOWS\System32\OpenSSH;C:\Program Files (x86)\AMD\ATI.ACE\Core-Static;C:\Program Files\Git\cmd;C:\ProgramData\chocolatey\bin;C:\Program Files\nodejs;C:\Program Files\Ruby27-x64\bin;C:\Users\Nik\AppData\Local\Microsoft\WindowsApps;C:\Users\Nik\AppData\Local\Programs\Microsoft VS Code\bin;C:\Users\Nik\AppData\Roaming\npm;C:\GS\gs8.14\bin;C:\Program Files\Ruby27-x64\bin;C:\Users\Nik\AppData\Local\Microsoft\WindowsApps;C:\Users\Nik\AppData\Local\Programs\Microsoft VS Code\bin;C:\Users\Nik\AppData\Roaming\npm

Yarn version: 
  1.22.4

Node version: 
  14.2.0

Platform: 
  win32 x64

Trace: 
  SyntaxError: D:\FRONTEND\React\lesson14\task1\package.json: Unexpected end of JSON input
      at JSON.parse (<anonymous>)
      at C:\Users\Nik\AppData\Roaming\npm\node_modules\yarn\lib\cli.js:1625:59
      at Generator.next (<anonymous>)
      at step (C:\Users\Nik\AppData\Roaming\npm\node_modules\yarn\lib\cli.js:310:30)
      at C:\Users\Nik\AppData\Roaming\npm\node_modules\yarn\lib\cli.js:321:13

npm manifest: 
  

yarn manifest: 
  No manifest

Lockfile: 
  No lockfile
